<?xml version="1.0" encoding="UTF-8"?>
<testsuite name="AvionComercialTest" tests="1" skipped="0" failures="0" errors="0" timestamp="2023-05-05T21:52:51" hostname="MTOMAS" time="0.038">
  <properties/>
  <testcase name="testVolar()" classname="AvionComercialTest" time="0.038"/>
  <system-out><![CDATA[]]></system-out>
  <system-err><![CDATA[]]></system-err>
</testsuite>
