<?xml version="1.0" encoding="UTF-8"?>
<testsuite name="TestCalculadorCombustible" tests="1" skipped="0" failures="0" errors="0" timestamp="2023-05-14T03:36:33" hostname="MTOMAS" time="1.995">
  <properties/>
  <testcase name="calcularCombustibleTest()" classname="TestCalculadorCombustible" time="1.995"/>
  <system-out><![CDATA[]]></system-out>
  <system-err><![CDATA[]]></system-err>
</testsuite>
