<?xml version="1.0" encoding="UTF-8"?>
<testsuite name="TestCalculadorCombustible" tests="1" skipped="0" failures="0" errors="0" timestamp="2023-05-24T22:20:05" hostname="MTOMAS" time="1.971">
  <properties/>
  <testcase name="calcularCombustibleTest()" classname="TestCalculadorCombustible" time="1.971"/>
  <system-out><![CDATA[]]></system-out>
  <system-err><![CDATA[]]></system-err>
</testsuite>
