<?xml version="1.0" encoding="UTF-8"?>
<testsuite name="TestAvion" tests="1" skipped="0" failures="0" errors="0" timestamp="2023-05-24T22:20:05" hostname="MTOMAS" time="0.039">
  <properties/>
  <testcase name="testVolar()" classname="TestAvion" time="0.039"/>
  <system-out><![CDATA[]]></system-out>
  <system-err><![CDATA[]]></system-err>
</testsuite>
